<?xml version="1.0" encoding="utf-8"?>
<shfbBuild product="Sandcastle Help File Builder and Tools" version="2024.2.18.0" projectFile="C:\Users\noemi\Desktop\AP2\docMediaTek86\MediaTek86.shfbproj" started="29/05/2024 00:40:27">
<buildStep step="Initializing">
The Sandcastle tools are located in &#39;C:\Program Files (x86)\EWSoftware\Sandcastle Help File Builder&#39;
Locating components in the following folder(s):
    C:\Users\noemi\Desktop\AP2\docMediaTek86
    C:\ProgramData\EWSoftware\Sandcastle Help File Builder\Components and Plug-Ins
    C:\Program Files (x86)\EWSoftware\Sandcastle Help File Builder\Components
Using framework reflection data for &#39;.NET Framework 4.7.2&#39; located in &#39;C:\Program Files (x86)\EWSoftware\Sandcastle Help File Builder\Data\.NETFramework&#39;
Using presentation style &#39;VS2013&#39; located in &#39;C:\Program Files (x86)\EWSoftware\Sandcastle Help File Builder\Components\VS2013&#39;
Loading and initializing plug-ins...
Lightweight Website Style Version 2024.2.18.0
Copyright &#169; 2006-2024, Eric Woodruff, All Rights Reserved
Portions Copyright &#169; 2014, Sam Harwell, All Rights Reserved
-------------------------------
Clearing any prior web/markdown output...
</buildStep>
<buildStep step="ValidatingDocumentationSources">
Validating and copying documentation source information
Source: C:\Users\noemi\source\repos\MediaTek86\MediaTek86\bin\Debug\MediaTek86.xml
Source: C:\Users\noemi\source\repos\MediaTek86\MediaTek86\bin\Debug\MediaTek86.exe
    Found assembly &#39;C:\Users\noemi\source\repos\MediaTek86\MediaTek86\bin\Debug\MediaTek86.exe&#39;

Copying XML comments files
    C:\Users\noemi\source\repos\MediaTek86\MediaTek86\bin\Debug\MediaTek86.xml -&gt; C:\Users\noemi\Desktop\AP2\docMediaTek86\Help\Working\MediaTek86.xml
</buildStep>
<buildStep step="GenerateSharedContent">
Generating shared content files (en-US, Anglais (&#201;tats-Unis))...
<plugIn name="Lightweight Website Style" behavior="After" priority="1000">
</plugIn>    Last step completed in 00:00:00,0020
</buildStep>
<buildStep step="GenerateApiFilter">
Generating API filter for MRefBuilder...
    Last step completed in 00:00:00,0010
</buildStep>
<buildStep step="GenerateReflectionInfo">
Generating reflection information...
[C:\Program Files (x86)\Microsoft Visual Studio\2019\Community\MSBuild\Current\Bin\MSBuild.exe - GenerateRefInfo-41b9b1a5-bc61-4cc8-a693-6fc60accf351.proj]
La g‚n‚ration a d‚marr‚ 29/05/2024 00:40:28.
Projet &quot;C:\Users\noemi\Desktop\AP2\docMediaTek86\Help\Working\GenerateRefInfo-41b9b1a5-bc61-4cc8-a693-6fc60accf351.proj&quot; sur le noud 1 (cibles par d‚faut).
PrepareForBuild:
  Cr‚ation du r‚pertoire &quot;obj\Debug\&quot;.
GenerateBindingRedirects:
  Aucune redirection de liaison sugg‚r‚e … partir de ResolveAssemblyReferences.
GenerateRefInfo:
  Microsoft.Build (v16.11.2+f3225964253d565862806752e54a7608191a9035)
  &#184; Microsoft Corporation. All rights reserved.
  No source code context base path specified.  Source context information is unavailable.
  Loaded 1 assemblies for reflection and 1 dependency assemblies.
  Wrote information on 6 namespaces, 15 types, and 62 members
  Merging duplicate type and member information
  Merged 0 duplicate type(s) and 0 duplicate member(s)
G‚n‚ration du projet &quot;C:\Users\noemi\Desktop\AP2\docMediaTek86\Help\Working\GenerateRefInfo-41b9b1a5-bc61-4cc8-a693-6fc60accf351.proj&quot; termin‚e (cibles par d‚faut).
    Last step completed in 00:00:00,9277
</buildStep>
<buildStep step="ApplyDocumentModel">
Applying document model to reflection output...
    Last step completed in 00:00:00,0748
</buildStep>
<buildStep step="AddNamespaceGroups">
Adding namespace group entries...
Added 1 namespace group entries
    Last step completed in 00:00:00,0396
</buildStep>
<buildStep step="AddApiTopicFilenames">
Adding topic filenames to API members...
    Last step completed in 00:00:00,0505
</buildStep>
<buildStep step="GenerateApiTopicManifest">
Generating API topic manifest...
    Last step completed in 00:00:00,0379
</buildStep>
<buildStep step="GenerateNamespaceSummaries">
Generating namespace summary information...
    Last step completed in 00:00:00,0305
</buildStep>
<buildStep step="CopyAdditionalContent">
Copying additional content files...
No additional content to copy
    Last step completed in 00:00:00,0000
</buildStep>
<buildStep step="MergeTablesOfContents">
Merging conceptual and additional tables of contents...
    Last step completed in 00:00:00,0000
</buildStep>
<buildStep step="GenerateIntermediateTableOfContents">
Generating intermediate table of contents file for API content...
Generating conceptual content intermediate TOC file...
    Last step completed in 00:00:00,0320
</buildStep>
<buildStep step="CreateBuildAssemblerConfigs">
Creating Sandcastle configuration files...
    Last step completed in 00:00:00,1163
</buildStep>
<buildStep step="CombiningIntermediateTocFiles">
Combining conceptual and API intermediate TOC files...
    Last step completed in 00:00:00,0010
</buildStep>
<buildStep step="MergeCustomConfigs">
Merging custom build component configurations
C:\Users\noemi\Desktop\AP2\docMediaTek86\Help\Working\BuildAssembler.config
  Updating reference topic configurations.
  No conceptual content.  Removing conceptual content components.
    Last step completed in 00:00:00,0040
</buildStep>
<buildStep step="BuildTopics">
Building help topics...
Loading configuration...
Processing topics...
SHFB: Warning BE0066: ShowMissingComponent: [M:MediaTek86.FrmMediaTek86.EnCoursModifAbsence(System.Boolean)] Missing &lt;param name=&quot;enCours&quot;/&gt; documentation
SHFB: Warning BE0066: ShowMissingComponent: [M:MediaTek86.controller.FrmMediaTek86Controller.DelAbsence(MediaTek86.model.Absences)] Missing &lt;param name=&quot;absence&quot;/&gt; documentation
SHFB: Warning BE0066: ShowMissingComponent: [M:MediaTek86.controller.FrmMediaTek86Controller.GetLesAbsences(System.Int32)] Missing &lt;param name=&quot;idpersonnel&quot;/&gt; documentation
SHFB: Warning BE0066: ShowMissingComponent: [M:MediaTek86.dal.AbsenceAccess.DelAbsence(MediaTek86.model.Absences)] Missing &lt;param name=&quot;absence&quot;/&gt; documentation
SHFB: Warning BE0066: ShowMissingComponent: [M:MediaTek86.dal.Access.GetInstance] Missing &lt;returns&gt; documentation
SHFB: Warning BE0066: ShowMissingComponent: [M:MediaTek86.model.Absences.#ctor(MediaTek86.model.Personnel,System.DateTime,System.DateTime,MediaTek86.model.Motif)] Missing &lt;param name=&quot;personnel&quot;/&gt; documentation
SHFB: Warning BE0066: ShowMissingComponent: [M:MediaTek86.model.Absences.#ctor(MediaTek86.model.Personnel,System.DateTime,System.DateTime,MediaTek86.model.Motif)] Missing &lt;param name=&quot;datedebut&quot;/&gt; documentation
SHFB: Warning BE0066: ShowMissingComponent: [M:MediaTek86.model.Absences.#ctor(MediaTek86.model.Personnel,System.DateTime,System.DateTime,MediaTek86.model.Motif)] Missing &lt;param name=&quot;datefin&quot;/&gt; documentation
SHFB: Warning BE0066: ShowMissingComponent: [M:MediaTek86.model.Absences.#ctor(MediaTek86.model.Personnel,System.DateTime,System.DateTime,MediaTek86.model.Motif)] Missing &lt;param name=&quot;motif&quot;/&gt; documentation
SHFB: Warning BE0066: ShowMissingComponent: [M:MediaTek86.model.Motif.#ctor(System.Int32,System.String)] Missing &lt;param name=&quot;idmotif&quot;/&gt; documentation
SHFB: Warning BE0066: ShowMissingComponent: [M:MediaTek86.model.Motif.#ctor(System.Int32,System.String)] Missing &lt;param name=&quot;libelle&quot;/&gt; documentation
SHFB: Warning BE0066: ShowMissingComponent: [M:MediaTek86.model.Personnel.#ctor(System.Int32,System.String,System.String,System.String,System.String,MediaTek86.model.Service)] Missing &lt;param name=&quot;idpersonnel&quot;/&gt; documentation
SHFB: Warning BE0066: ShowMissingComponent: [M:MediaTek86.model.Personnel.#ctor(System.Int32,System.String,System.String,System.String,System.String,MediaTek86.model.Service)] Missing &lt;param name=&quot;nom&quot;/&gt; documentation
SHFB: Warning BE0066: ShowMissingComponent: [M:MediaTek86.model.Personnel.#ctor(System.Int32,System.String,System.String,System.String,System.String,MediaTek86.model.Service)] Missing &lt;param name=&quot;prenom&quot;/&gt; documentation
SHFB: Warning BE0066: ShowMissingComponent: [M:MediaTek86.model.Personnel.#ctor(System.Int32,System.String,System.String,System.String,System.String,MediaTek86.model.Service)] Missing &lt;param name=&quot;tel&quot;/&gt; documentation
SHFB: Warning BE0066: ShowMissingComponent: [M:MediaTek86.model.Personnel.#ctor(System.Int32,System.String,System.String,System.String,System.String,MediaTek86.model.Service)] Missing &lt;param name=&quot;mail&quot;/&gt; documentation
SHFB: Warning BE0066: ShowMissingComponent: [M:MediaTek86.model.Personnel.#ctor(System.Int32,System.String,System.String,System.String,System.String,MediaTek86.model.Service)] Missing &lt;param name=&quot;service&quot;/&gt; documentation
SHFB: Warning BE0066: ShowMissingComponent: [M:MediaTek86.model.Responsable.#ctor(System.String,System.String)] Missing &lt;param name=&quot;login&quot;/&gt; documentation
SHFB: Warning BE0066: ShowMissingComponent: [M:MediaTek86.model.Responsable.#ctor(System.String,System.String)] Missing &lt;param name=&quot;pwd&quot;/&gt; documentation
SHFB: Warning BE0066: ShowMissingComponent: [M:MediaTek86.model.Service.#ctor(System.Int32,System.String)] Missing &lt;param name=&quot;idservice&quot;/&gt; documentation
SHFB: Warning BE0066: ShowMissingComponent: [M:MediaTek86.model.Service.#ctor(System.Int32,System.String)] Missing &lt;param name=&quot;nom&quot;/&gt; documentation
Processed 111 topic(s)
21 warning(s)
CopyFromIndexComponent: &quot;reflection&quot; in-memory cache entries used: 3 of 15.
CopyFromIndexComponent: &quot;comments&quot; in-memory cache entries used: 1 of 30.
    Last step completed in 00:00:03,0161
</buildStep>
<buildStep step="ExtractingHtmlInfo">
Extracting HTML info for HTML Help 1 and/or website...
Using LCID &#39;1033&#39;, code page &#39;65001&#39;, encoding charset &#39;UTF-8&#39;.
Processing website files in C:\Users\noemi\Desktop\AP2\docMediaTek86\Help\Working\Output\Website
Processed 111 HTML files.  Sorting keywords and generating See Also indices.
Saving website table of contents to C:\Users\noemi\Desktop\AP2\docMediaTek86\Help\Working\\WebTOC.xml
    Last step completed in 00:00:00,0524
</buildStep>
<buildStep step="CopyStandardHelpContent">
Copying standard help content...
C:\Program Files (x86)\EWSoftware\Sandcastle Help File Builder\Components\VS2013\icons\AlertCaution.png -&gt; C:\Users\noemi\Desktop\AP2\docMediaTek86\Help\Working\Output\Website\icons\AlertCaution.png
C:\Program Files (x86)\EWSoftware\Sandcastle Help File Builder\Components\VS2013\icons\AlertNote.png -&gt; C:\Users\noemi\Desktop\AP2\docMediaTek86\Help\Working\Output\Website\icons\AlertNote.png
C:\Program Files (x86)\EWSoftware\Sandcastle Help File Builder\Components\VS2013\icons\AlertSecurity.png -&gt; C:\Users\noemi\Desktop\AP2\docMediaTek86\Help\Working\Output\Website\icons\AlertSecurity.png
C:\Program Files (x86)\EWSoftware\Sandcastle Help File Builder\Components\VS2013\icons\CodeExample.png -&gt; C:\Users\noemi\Desktop\AP2\docMediaTek86\Help\Working\Output\Website\icons\CodeExample.png
C:\Program Files (x86)\EWSoftware\Sandcastle Help File Builder\Components\VS2013\icons\favicon.ico -&gt; C:\Users\noemi\Desktop\AP2\docMediaTek86\Help\Working\Output\Website\icons\favicon.ico
C:\Program Files (x86)\EWSoftware\Sandcastle Help File Builder\Components\VS2013\icons\privClass.gif -&gt; C:\Users\noemi\Desktop\AP2\docMediaTek86\Help\Working\Output\Website\icons\privClass.gif
C:\Program Files (x86)\EWSoftware\Sandcastle Help File Builder\Components\VS2013\icons\privDelegate.gif -&gt; C:\Users\noemi\Desktop\AP2\docMediaTek86\Help\Working\Output\Website\icons\privDelegate.gif
C:\Program Files (x86)\EWSoftware\Sandcastle Help File Builder\Components\VS2013\icons\privEnumeration.gif -&gt; C:\Users\noemi\Desktop\AP2\docMediaTek86\Help\Working\Output\Website\icons\privEnumeration.gif
C:\Program Files (x86)\EWSoftware\Sandcastle Help File Builder\Components\VS2013\icons\privEvent.gif -&gt; C:\Users\noemi\Desktop\AP2\docMediaTek86\Help\Working\Output\Website\icons\privEvent.gif
C:\Program Files (x86)\EWSoftware\Sandcastle Help File Builder\Components\VS2013\icons\privExtension.gif -&gt; C:\Users\noemi\Desktop\AP2\docMediaTek86\Help\Working\Output\Website\icons\privExtension.gif
C:\Program Files (x86)\EWSoftware\Sandcastle Help File Builder\Components\VS2013\icons\privField.gif -&gt; C:\Users\noemi\Desktop\AP2\docMediaTek86\Help\Working\Output\Website\icons\privField.gif
C:\Program Files (x86)\EWSoftware\Sandcastle Help File Builder\Components\VS2013\icons\privInterface.gif -&gt; C:\Users\noemi\Desktop\AP2\docMediaTek86\Help\Working\Output\Website\icons\privInterface.gif
C:\Program Files (x86)\EWSoftware\Sandcastle Help File Builder\Components\VS2013\icons\privMethod.gif -&gt; C:\Users\noemi\Desktop\AP2\docMediaTek86\Help\Working\Output\Website\icons\privMethod.gif
C:\Program Files (x86)\EWSoftware\Sandcastle Help File Builder\Components\VS2013\icons\privProperty.gif -&gt; C:\Users\noemi\Desktop\AP2\docMediaTek86\Help\Working\Output\Website\icons\privProperty.gif
C:\Program Files (x86)\EWSoftware\Sandcastle Help File Builder\Components\VS2013\icons\privStructure.gif -&gt; C:\Users\noemi\Desktop\AP2\docMediaTek86\Help\Working\Output\Website\icons\privStructure.gif
C:\Program Files (x86)\EWSoftware\Sandcastle Help File Builder\Components\VS2013\icons\protClass.gif -&gt; C:\Users\noemi\Desktop\AP2\docMediaTek86\Help\Working\Output\Website\icons\protClass.gif
C:\Program Files (x86)\EWSoftware\Sandcastle Help File Builder\Components\VS2013\icons\protDelegate.gif -&gt; C:\Users\noemi\Desktop\AP2\docMediaTek86\Help\Working\Output\Website\icons\protDelegate.gif
C:\Program Files (x86)\EWSoftware\Sandcastle Help File Builder\Components\VS2013\icons\protEnumeration.gif -&gt; C:\Users\noemi\Desktop\AP2\docMediaTek86\Help\Working\Output\Website\icons\protEnumeration.gif
C:\Program Files (x86)\EWSoftware\Sandcastle Help File Builder\Components\VS2013\icons\protEvent.gif -&gt; C:\Users\noemi\Desktop\AP2\docMediaTek86\Help\Working\Output\Website\icons\protEvent.gif
C:\Program Files (x86)\EWSoftware\Sandcastle Help File Builder\Components\VS2013\icons\protExtension.gif -&gt; C:\Users\noemi\Desktop\AP2\docMediaTek86\Help\Working\Output\Website\icons\protExtension.gif
C:\Program Files (x86)\EWSoftware\Sandcastle Help File Builder\Components\VS2013\icons\protField.gif -&gt; C:\Users\noemi\Desktop\AP2\docMediaTek86\Help\Working\Output\Website\icons\protField.gif
C:\Program Files (x86)\EWSoftware\Sandcastle Help File Builder\Components\VS2013\icons\protInterface.gif -&gt; C:\Users\noemi\Desktop\AP2\docMediaTek86\Help\Working\Output\Website\icons\protInterface.gif
C:\Program Files (x86)\EWSoftware\Sandcastle Help File Builder\Components\VS2013\icons\protMethod.gif -&gt; C:\Users\noemi\Desktop\AP2\docMediaTek86\Help\Working\Output\Website\icons\protMethod.gif
C:\Program Files (x86)\EWSoftware\Sandcastle Help File Builder\Components\VS2013\icons\protOperator.gif -&gt; C:\Users\noemi\Desktop\AP2\docMediaTek86\Help\Working\Output\Website\icons\protOperator.gif
C:\Program Files (x86)\EWSoftware\Sandcastle Help File Builder\Components\VS2013\icons\protProperty.gif -&gt; C:\Users\noemi\Desktop\AP2\docMediaTek86\Help\Working\Output\Website\icons\protProperty.gif
C:\Program Files (x86)\EWSoftware\Sandcastle Help File Builder\Components\VS2013\icons\protStructure.gif -&gt; C:\Users\noemi\Desktop\AP2\docMediaTek86\Help\Working\Output\Website\icons\protStructure.gif
C:\Program Files (x86)\EWSoftware\Sandcastle Help File Builder\Components\VS2013\icons\pubClass.gif -&gt; C:\Users\noemi\Desktop\AP2\docMediaTek86\Help\Working\Output\Website\icons\pubClass.gif
C:\Program Files (x86)\EWSoftware\Sandcastle Help File Builder\Components\VS2013\icons\pubDelegate.gif -&gt; C:\Users\noemi\Desktop\AP2\docMediaTek86\Help\Working\Output\Website\icons\pubDelegate.gif
C:\Program Files (x86)\EWSoftware\Sandcastle Help File Builder\Components\VS2013\icons\pubEnumeration.gif -&gt; C:\Users\noemi\Desktop\AP2\docMediaTek86\Help\Working\Output\Website\icons\pubEnumeration.gif
C:\Program Files (x86)\EWSoftware\Sandcastle Help File Builder\Components\VS2013\icons\pubEvent.gif -&gt; C:\Users\noemi\Desktop\AP2\docMediaTek86\Help\Working\Output\Website\icons\pubEvent.gif
C:\Program Files (x86)\EWSoftware\Sandcastle Help File Builder\Components\VS2013\icons\pubExtension.gif -&gt; C:\Users\noemi\Desktop\AP2\docMediaTek86\Help\Working\Output\Website\icons\pubExtension.gif
C:\Program Files (x86)\EWSoftware\Sandcastle Help File Builder\Components\VS2013\icons\pubField.gif -&gt; C:\Users\noemi\Desktop\AP2\docMediaTek86\Help\Working\Output\Website\icons\pubField.gif
C:\Program Files (x86)\EWSoftware\Sandcastle Help File Builder\Components\VS2013\icons\pubInterface.gif -&gt; C:\Users\noemi\Desktop\AP2\docMediaTek86\Help\Working\Output\Website\icons\pubInterface.gif
C:\Program Files (x86)\EWSoftware\Sandcastle Help File Builder\Components\VS2013\icons\pubMethod.gif -&gt; C:\Users\noemi\Desktop\AP2\docMediaTek86\Help\Working\Output\Website\icons\pubMethod.gif
C:\Program Files (x86)\EWSoftware\Sandcastle Help File Builder\Components\VS2013\icons\pubOperator.gif -&gt; C:\Users\noemi\Desktop\AP2\docMediaTek86\Help\Working\Output\Website\icons\pubOperator.gif
C:\Program Files (x86)\EWSoftware\Sandcastle Help File Builder\Components\VS2013\icons\pubProperty.gif -&gt; C:\Users\noemi\Desktop\AP2\docMediaTek86\Help\Working\Output\Website\icons\pubProperty.gif
C:\Program Files (x86)\EWSoftware\Sandcastle Help File Builder\Components\VS2013\icons\pubStructure.gif -&gt; C:\Users\noemi\Desktop\AP2\docMediaTek86\Help\Working\Output\Website\icons\pubStructure.gif
C:\Program Files (x86)\EWSoftware\Sandcastle Help File Builder\Components\VS2013\icons\SectionCollapsed.png -&gt; C:\Users\noemi\Desktop\AP2\docMediaTek86\Help\Working\Output\Website\icons\SectionCollapsed.png
C:\Program Files (x86)\EWSoftware\Sandcastle Help File Builder\Components\VS2013\icons\SectionExpanded.png -&gt; C:\Users\noemi\Desktop\AP2\docMediaTek86\Help\Working\Output\Website\icons\SectionExpanded.png
C:\Program Files (x86)\EWSoftware\Sandcastle Help File Builder\Components\VS2013\icons\Static.gif -&gt; C:\Users\noemi\Desktop\AP2\docMediaTek86\Help\Working\Output\Website\icons\Static.gif
C:\Program Files (x86)\EWSoftware\Sandcastle Help File Builder\Components\VS2013\scripts\branding.js -&gt; C:\Users\noemi\Desktop\AP2\docMediaTek86\Help\Working\Output\Website\scripts\branding.js
C:\Program Files (x86)\EWSoftware\Sandcastle Help File Builder\Components\VS2013\styles\branding-cs-CZ.css -&gt; C:\Users\noemi\Desktop\AP2\docMediaTek86\Help\Working\Output\Website\styles\branding-cs-CZ.css
C:\Program Files (x86)\EWSoftware\Sandcastle Help File Builder\Components\VS2013\styles\branding-de-DE.css -&gt; C:\Users\noemi\Desktop\AP2\docMediaTek86\Help\Working\Output\Website\styles\branding-de-DE.css
C:\Program Files (x86)\EWSoftware\Sandcastle Help File Builder\Components\VS2013\styles\branding-en-US.css -&gt; C:\Users\noemi\Desktop\AP2\docMediaTek86\Help\Working\Output\Website\styles\branding-en-US.css
C:\Program Files (x86)\EWSoftware\Sandcastle Help File Builder\Components\VS2013\styles\branding-es-ES.css -&gt; C:\Users\noemi\Desktop\AP2\docMediaTek86\Help\Working\Output\Website\styles\branding-es-ES.css
C:\Program Files (x86)\EWSoftware\Sandcastle Help File Builder\Components\VS2013\styles\branding-fr-FR.css -&gt; C:\Users\noemi\Desktop\AP2\docMediaTek86\Help\Working\Output\Website\styles\branding-fr-FR.css
C:\Program Files (x86)\EWSoftware\Sandcastle Help File Builder\Components\VS2013\styles\branding-Help1.css -&gt; C:\Users\noemi\Desktop\AP2\docMediaTek86\Help\Working\Output\Website\styles\branding-Help1.css
C:\Program Files (x86)\EWSoftware\Sandcastle Help File Builder\Components\VS2013\styles\branding-HelpViewer.css -&gt; C:\Users\noemi\Desktop\AP2\docMediaTek86\Help\Working\Output\Website\styles\branding-HelpViewer.css
C:\Program Files (x86)\EWSoftware\Sandcastle Help File Builder\Components\VS2013\styles\branding-it-IT.css -&gt; C:\Users\noemi\Desktop\AP2\docMediaTek86\Help\Working\Output\Website\styles\branding-it-IT.css
C:\Program Files (x86)\EWSoftware\Sandcastle Help File Builder\Components\VS2013\styles\branding-ja-JP.css -&gt; C:\Users\noemi\Desktop\AP2\docMediaTek86\Help\Working\Output\Website\styles\branding-ja-JP.css
C:\Program Files (x86)\EWSoftware\Sandcastle Help File Builder\Components\VS2013\styles\branding-ko-KR.css -&gt; C:\Users\noemi\Desktop\AP2\docMediaTek86\Help\Working\Output\Website\styles\branding-ko-KR.css
C:\Program Files (x86)\EWSoftware\Sandcastle Help File Builder\Components\VS2013\styles\branding-pl-PL.css -&gt; C:\Users\noemi\Desktop\AP2\docMediaTek86\Help\Working\Output\Website\styles\branding-pl-PL.css
C:\Program Files (x86)\EWSoftware\Sandcastle Help File Builder\Components\VS2013\styles\branding-pt-BR.css -&gt; C:\Users\noemi\Desktop\AP2\docMediaTek86\Help\Working\Output\Website\styles\branding-pt-BR.css
C:\Program Files (x86)\EWSoftware\Sandcastle Help File Builder\Components\VS2013\styles\branding-ru-RU.css -&gt; C:\Users\noemi\Desktop\AP2\docMediaTek86\Help\Working\Output\Website\styles\branding-ru-RU.css
C:\Program Files (x86)\EWSoftware\Sandcastle Help File Builder\Components\VS2013\styles\branding-tr-TR.css -&gt; C:\Users\noemi\Desktop\AP2\docMediaTek86\Help\Working\Output\Website\styles\branding-tr-TR.css
C:\Program Files (x86)\EWSoftware\Sandcastle Help File Builder\Components\VS2013\styles\branding-Website.css -&gt; C:\Users\noemi\Desktop\AP2\docMediaTek86\Help\Working\Output\Website\styles\branding-Website.css
C:\Program Files (x86)\EWSoftware\Sandcastle Help File Builder\Components\VS2013\styles\branding-zh-CN.css -&gt; C:\Users\noemi\Desktop\AP2\docMediaTek86\Help\Working\Output\Website\styles\branding-zh-CN.css
C:\Program Files (x86)\EWSoftware\Sandcastle Help File Builder\Components\VS2013\styles\branding-zh-TW.css -&gt; C:\Users\noemi\Desktop\AP2\docMediaTek86\Help\Working\Output\Website\styles\branding-zh-TW.css
C:\Program Files (x86)\EWSoftware\Sandcastle Help File Builder\Components\VS2013\styles\branding.css -&gt; C:\Users\noemi\Desktop\AP2\docMediaTek86\Help\Working\Output\Website\styles\branding.css
C:\Program Files (x86)\EWSoftware\Sandcastle Help File Builder\Components\VS2013\Web\index.html -&gt; C:\Users\noemi\Desktop\AP2\docMediaTek86\Help\Working\Output\Website\index.html
C:\Program Files (x86)\EWSoftware\Sandcastle Help File Builder\Components\VS2013\Web\search.html -&gt; C:\Users\noemi\Desktop\AP2\docMediaTek86\Help\Working\Output\Website\search.html
C:\Program Files (x86)\EWSoftware\Sandcastle Help File Builder\Components\VS2013\Web\SearchHelp.aspx -&gt; C:\Users\noemi\Desktop\AP2\docMediaTek86\Help\Working\Output\Website\SearchHelp.aspx
C:\Program Files (x86)\EWSoftware\Sandcastle Help File Builder\Components\VS2013\Web\SearchHelp.inc.php -&gt; C:\Users\noemi\Desktop\AP2\docMediaTek86\Help\Working\Output\Website\SearchHelp.inc.php
C:\Program Files (x86)\EWSoftware\Sandcastle Help File Builder\Components\VS2013\Web\SearchHelp.php -&gt; C:\Users\noemi\Desktop\AP2\docMediaTek86\Help\Working\Output\Website\SearchHelp.php
C:\Program Files (x86)\EWSoftware\Sandcastle Help File Builder\Components\VS2013\Web\Web.Config -&gt; C:\Users\noemi\Desktop\AP2\docMediaTek86\Help\Working\Output\Website\Web.Config
C:\Program Files (x86)\EWSoftware\Sandcastle Help File Builder\Components\VS2013\Web\html\GeneralError.htm -&gt; C:\Users\noemi\Desktop\AP2\docMediaTek86\Help\Working\Output\Website\html\GeneralError.htm
C:\Program Files (x86)\EWSoftware\Sandcastle Help File Builder\Components\VS2013\Web\html\PageNotFound.htm -&gt; C:\Users\noemi\Desktop\AP2\docMediaTek86\Help\Working\Output\Website\html\PageNotFound.htm
C:\Program Files (x86)\EWSoftware\Sandcastle Help File Builder\Components\VS2013\Web\icons\Search.png -&gt; C:\Users\noemi\Desktop\AP2\docMediaTek86\Help\Working\Output\Website\icons\Search.png
C:\Program Files (x86)\EWSoftware\Sandcastle Help File Builder\Components\VS2013\Web\icons\TocClose.gif -&gt; C:\Users\noemi\Desktop\AP2\docMediaTek86\Help\Working\Output\Website\icons\TocClose.gif
C:\Program Files (x86)\EWSoftware\Sandcastle Help File Builder\Components\VS2013\Web\icons\TocCollapsed.gif -&gt; C:\Users\noemi\Desktop\AP2\docMediaTek86\Help\Working\Output\Website\icons\TocCollapsed.gif
C:\Program Files (x86)\EWSoftware\Sandcastle Help File Builder\Components\VS2013\Web\icons\TocExpanded.gif -&gt; C:\Users\noemi\Desktop\AP2\docMediaTek86\Help\Working\Output\Website\icons\TocExpanded.gif
C:\Program Files (x86)\EWSoftware\Sandcastle Help File Builder\Components\VS2013\Web\icons\TocOpen.gif -&gt; C:\Users\noemi\Desktop\AP2\docMediaTek86\Help\Working\Output\Website\icons\TocOpen.gif
C:\Program Files (x86)\EWSoftware\Sandcastle Help File Builder\Components\VS2013\Web\scripts\branding-Website.js -&gt; C:\Users\noemi\Desktop\AP2\docMediaTek86\Help\Working\Output\Website\scripts\branding-Website.js
C:\Program Files (x86)\EWSoftware\Sandcastle Help File Builder\Components\VS2013\Web\scripts\clipboard.min.js -&gt; C:\Users\noemi\Desktop\AP2\docMediaTek86\Help\Working\Output\Website\scripts\clipboard.min.js
C:\Program Files (x86)\EWSoftware\Sandcastle Help File Builder\Components\VS2013\Web\scripts\jquery-3.5.1.min.js -&gt; C:\Users\noemi\Desktop\AP2\docMediaTek86\Help\Working\Output\Website\scripts\jquery-3.5.1.min.js
    Last step completed in 00:00:00,1434
</buildStep>
<buildStep step="GenerateFullTextIndex">
Generating full-text index for the website...

<plugIn name="Lightweight Website Style" behavior="After" priority="1000">
Adding lightweight search and TOC elements to each topic...
</plugIn>    Last step completed in 00:00:00,2300
</buildStep>
<buildStep step="CopyingWebsiteFiles">
Copying website files to output folder...

Copied 254 files for the website content
    Last step completed in 00:00:00,2901
</buildStep>
<buildStep step="CleanIntermediates">
Removing intermediate files...
    Last step completed in 00:00:00,0855
</buildStep>
<buildStep step="Completed">

Build completed successfully at 29/05/2024 00:40:33.  Total time: 00:00:05,7621

</buildStep>
</shfbBuild>
